<?xml version="1.0" encoding="UTF-8"?>
<!-- Generated by org.testng.reporters.JUnitReportReporter -->
<testsuite hostname="DESKTOP-TM1DNGB" failures="0" tests="1" name="com.qa.TestCases.SelectAutoTestCase" time="50.439" errors="0" timestamp="2019-11-03T21:14:44 IST" skipped="0">
  <testcase classname="com.qa.TestCases.SelectAutoTestCase" name="loginTest" time="50.439"/>
</testsuite> <!-- com.qa.TestCases.SelectAutoTestCase -->
