<?xml version="1.0" encoding="UTF-8"?>
<!-- Generated by org.testng.reporters.JUnitReportReporter -->
<testsuite hostname="DESKTOP-TM1DNGB" failures="0" tests="1" name="com.qa.TestCases.GetQuoteTestCase" time="46.523" errors="0" timestamp="2019-11-03T21:21:51 IST" skipped="0">
  <testcase classname="com.qa.TestCases.GetQuoteTestCase" name="loginTest" time="46.523"/>
</testsuite> <!-- com.qa.TestCases.GetQuoteTestCase -->
