<?xml version="1.0" encoding="UTF-8"?>
<!-- Generated by org.testng.reporters.JUnitReportReporter -->
<testsuite hostname="DESKTOP-TM1DNGB" failures="0" tests="1" name="vinay.Progressive.SelectAutoTestCase" time="0.012" errors="0" timestamp="2019-11-02T21:10:09 IST" skipped="0">
  <testcase classname="vinay.Progressive.SelectAutoTestCase" name="vinay" time="0.012"/>
</testsuite> <!-- vinay.Progressive.SelectAutoTestCase -->
